SESSION: 2020-10-26T22:35:26-05:00 {"source":"LoggingProvider.initialise","message":"{\"repoKey\":null,\"repoHash\":null,\"userId\":\"eb7d37edc33cd3e6012b3043869664e285073ac23d1d4db4eec369bc3ba96cd0\",\"loggedInUserId\":null,\"userOS\":\"win32\",\"extVersion\":\"0.27.5\",\"sessionId\":\"49a2ccb0-2303-4e18-8948-292d0f6db1781603769665893\",\"editorVersion\":\"1.50.1\",\"multiRootWorkspace\":false,\"workspaceFoldersCount\":1,\"skippedRegWall\":false,\"fileHash\":\"c2e5714794734e6535d4168cc563d40e42672d3f3667f8d4f5d8c06f3312f22c\",\"filePath\":\"reports.html\",\"repoUrl\":null}"} 
ERROR: 2020-10-26T22:35:27-05:00 {"source":"MetadataProvider.getHistoricRepoCommitData","message":". : File X:\\Documents\\WindowsPowerShell\\profile.ps1 cannot be loaded because running scripts is disabled on this \r\nsystem. For more information, see about_Execution_Policies at https:/go.microsoft.com/fwlink/?LinkID=135170.\r\nAt line:1 char:3\r\n+ . 'X:\\Documents\\WindowsPowerShell\\profile.ps1'\r\n+   ~~~~~~~~~~~~~~~~~~~~~~~~~~~~~~~~~~~~~~~~~~~~\r\n    + CategoryInfo          : SecurityError: (:) [], PSSecurityException\r\n    + FullyQualifiedErrorId : UnauthorizedAccess\r\nerror: too many arguments given outside repository\nusage: git shortlog [<options>] [<revision-range>] [[--] <path>...]\n   or: git log --pretty=short | git shortlog [<options>]\n\n    -c, --committer       Group by committer rather than author\n    -n, --numbered        sort output according to the number of commits per author\n    -s, --summary         Suppress commit descriptions, only provides commit count\n    -e, --email           Show the email address of each author\n    -w[<w>[,<i1>[,<i2>]]]\n                          Linewrap output\n\n"} 
SESSION: 2020-10-27T11:45:18-05:00 {"source":"LoggingProvider.initialise","message":"{\"repoKey\":null,\"repoHash\":null,\"userId\":\"eb7d37edc33cd3e6012b3043869664e285073ac23d1d4db4eec369bc3ba96cd0\",\"loggedInUserId\":null,\"userOS\":\"win32\",\"extVersion\":\"0.27.5\",\"sessionId\":\"594523a5-bebb-413c-9630-97033336da6b1603817090604\",\"editorVersion\":\"1.50.1\",\"multiRootWorkspace\":false,\"workspaceFoldersCount\":1,\"skippedRegWall\":false,\"fileHash\":\"0bab5cf793c47525a0a8f9832a6050f200cab243432181f6f9a0f9bdba173499\",\"filePath\":\".next\\\\server\\\\pages\\\\_app.js\",\"repoUrl\":null}"} 
ERROR: 2020-10-27T11:45:19-05:00 {"source":"MetadataProvider.getHistoricRepoCommitData","message":". : File X:\\Documents\\WindowsPowerShell\\profile.ps1 cannot be loaded because running scripts is disabled on this \r\nsystem. For more information, see about_Execution_Policies at https:/go.microsoft.com/fwlink/?LinkID=135170.\r\nAt line:1 char:3\r\n+ . 'X:\\Documents\\WindowsPowerShell\\profile.ps1'\r\n+   ~~~~~~~~~~~~~~~~~~~~~~~~~~~~~~~~~~~~~~~~~~~~\r\n    + CategoryInfo          : SecurityError: (:) [], PSSecurityException\r\n    + FullyQualifiedErrorId : UnauthorizedAccess\r\n"} 
ERROR: 2020-10-27T11:45:19-05:00 {"source":"CodeLens.computeFromGit","message":{}} 
ERROR: 2020-10-27T11:45:59-05:00 {"source":"CodeLens.computeFromGit","message":{}} 
ERROR: 2020-10-27T11:46:41-05:00 {"source":"CodeLens.computeFromGit","message":{}} 
ERROR: 2020-10-27T11:46:48-05:00 {"source":"CodeLens.computeFromGit","message":{}} 
ERROR: 2020-10-27T11:48:42-05:00 {"source":"CodeLens.computeFromGit","message":{}} 
ERROR: 2020-10-27T11:51:15-05:00 {"source":"CodeLens.computeFromGit","message":{}} 
ERROR: 2020-10-27T11:56:41-05:00 {"source":"CodeLens.computeFromGit","message":{}} 
ERROR: 2020-10-27T11:57:03-05:00 {"source":"process.on.unhandledRejection","message":{"source":"Extension.unhandledRejection","message":"Expecting Unicode escape sequence \\uXXXX (1:1)"}} 
ERROR: 2020-10-27T11:57:16-05:00 {"source":"CodeLens.computeFromGit","message":{}} 
ERROR: 2020-10-27T11:57:44-05:00 {"source":"CodeLens.computeFromGit","message":{}} 
ERROR: 2020-10-27T11:57:51-05:00 {"source":"CodeLens.computeFromGit","message":{}} 
ERROR: 2020-10-27T11:58:31-05:00 {"source":"CodeLens.computeFromGit","message":{}} 
ERROR: 2020-10-27T11:59:30-05:00 {"source":"CodeLens.computeFromGit","message":{}} 
ERROR: 2020-10-27T11:59:31-05:00 {"source":"process.on.unhandledRejection","message":{"source":"Extension.unhandledRejection","message":"Unexpected token, expected \";\" (2:47)"}} 
ERROR: 2020-10-27T11:59:46-05:00 {"source":"CodeLens.computeFromGit","message":{}} 
ERROR: 2020-10-27T11:59:47-05:00 {"source":"process.on.unhandledRejection","message":{"source":"Extension.unhandledRejection","message":"Unexpected token, expected \";\" (2:47)"}} 
ERROR: 2020-10-27T11:59:54-05:00 {"source":"CodeLens.computeFromGit","message":{}} 
ERROR: 2020-10-27T12:02:04-05:00 {"source":"CodeLens.computeFromGit","message":{}} 
ERROR: 2020-10-27T12:02:07-05:00 {"source":"CodeLens.computeFromGit","message":{}} 
ERROR: 2020-10-27T12:02:16-05:00 {"source":"CodeLens.computeFromGit","message":{}} 
ERROR: 2020-10-27T12:02:22-05:00 {"source":"CodeLens.computeFromGit","message":{}} 
ERROR: 2020-10-27T12:05:43-05:00 {"source":"process.on.unhandledRejection","message":{"source":"Extension.unhandledRejection","message":"No message exists"}} 
ERROR: 2020-10-27T12:05:43-05:00 {"source":"process.on.unhandledRejection","message":{"source":"Extension.unhandledRejection","message":"No message exists"}} 
ERROR: 2020-10-27T12:05:48-05:00 {"source":"process.on.unhandledRejection","message":{"source":"Extension.unhandledRejection","message":"connection closed"}} 
SESSION: 2020-10-27T12:06:58-05:00 {"source":"LoggingProvider.initialise","message":"{\"repoKey\":null,\"repoHash\":null,\"userId\":\"eb7d37edc33cd3e6012b3043869664e285073ac23d1d4db4eec369bc3ba96cd0\",\"loggedInUserId\":null,\"userOS\":\"win32\",\"extVersion\":\"0.27.5\",\"sessionId\":\"ca21b1ce-8d6a-427b-9e3e-7c985d441ccd1603818406897\",\"editorVersion\":\"1.50.1\",\"multiRootWorkspace\":false,\"workspaceFoldersCount\":1,\"skippedRegWall\":false,\"fileHash\":null,\"filePath\":null,\"repoUrl\":null}"} 
ERROR: 2020-10-27T12:06:58-05:00 {"source":"MetadataProvider.getHistoricRepoCommitData","message":". : File X:\\Documents\\WindowsPowerShell\\profile.ps1 cannot be loaded because running scripts is disabled on this \r\nsystem. For more information, see about_Execution_Policies at https:/go.microsoft.com/fwlink/?LinkID=135170.\r\nAt line:1 char:3\r\n+ . 'X:\\Documents\\WindowsPowerShell\\profile.ps1'\r\n+   ~~~~~~~~~~~~~~~~~~~~~~~~~~~~~~~~~~~~~~~~~~~~\r\n    + CategoryInfo          : SecurityError: (:) [], PSSecurityException\r\n    + FullyQualifiedErrorId : UnauthorizedAccess\r\n"} 
ERROR: 2020-10-27T12:08:16-05:00 {"source":"CodeLens.computeFromGit","message":{}} 
ERROR: 2020-10-27T12:08:24-05:00 {"source":"CodeLens.computeFromGit","message":{}} 
ERROR: 2020-10-27T12:09:33-05:00 {"source":"CodeLens.computeFromGit","message":{}} 
ERROR: 2020-10-27T12:09:43-05:00 {"source":"CodeLens.computeFromGit","message":{}} 
ERROR: 2020-10-27T12:09:56-05:00 {"source":"CodeLens.computeFromGit","message":{}} 
ERROR: 2020-10-27T12:12:08-05:00 {"source":"CodeLens.computeFromGit","message":{}} 
ERROR: 2020-10-27T12:12:25-05:00 {"source":"process.on.unhandledRejection","message":{"source":"Extension.unhandledRejection","message":"DebounceError"}} 
ERROR: 2020-10-27T12:12:28-05:00 {"source":"CodeLens.computeFromGit","message":{}} 
ERROR: 2020-10-27T12:12:35-05:00 {"source":"Extension.uncaughtException","message":"Cannot read property 'apply' of undefined"} 
ERROR: 2020-10-27T12:12:35-05:00 {"source":"Extension.uncaughtException","message":"Cannot read property 'apply' of undefined"} 
ERROR: 2020-10-27T12:12:35-05:00 {"source":"Extension.uncaughtException","message":"Cannot read property 'apply' of undefined"} 
ERROR: 2020-10-27T12:12:35-05:00 {"source":"Extension.uncaughtException","message":"Cannot read property 'apply' of undefined"} 
ERROR: 2020-10-27T12:12:35-05:00 {"source":"Extension.uncaughtException","message":"Cannot read property 'apply' of undefined"} 
ERROR: 2020-10-27T12:12:35-05:00 {"source":"Extension.uncaughtException","message":"Cannot read property 'apply' of undefined"} 
ERROR: 2020-10-27T12:12:35-05:00 {"source":"Extension.uncaughtException","message":"Cannot read property 'apply' of undefined"} 
ERROR: 2020-10-27T12:12:35-05:00 {"source":"Extension.uncaughtException","message":"Cannot read property 'apply' of undefined"} 
ERROR: 2020-10-27T12:12:35-05:00 {"source":"Extension.uncaughtException","message":"Cannot read property 'apply' of undefined"} 
ERROR: 2020-10-27T12:12:35-05:00 {"source":"Extension.uncaughtException","message":"Cannot read property 'apply' of undefined"} 
ERROR: 2020-10-27T12:12:35-05:00 {"source":"Extension.uncaughtException","message":"Cannot read property 'apply' of undefined"} 
ERROR: 2020-10-27T12:12:35-05:00 {"source":"Extension.uncaughtException","message":"Cannot read property 'apply' of undefined"} 
ERROR: 2020-10-27T12:12:35-05:00 {"source":"Extension.uncaughtException","message":"Cannot read property 'apply' of undefined"} 
ERROR: 2020-10-27T12:12:35-05:00 {"source":"Extension.uncaughtException","message":"Cannot read property 'apply' of undefined"} 
ERROR: 2020-10-27T12:12:35-05:00 {"source":"Extension.uncaughtException","message":"Cannot read property 'apply' of undefined"} 
ERROR: 2020-10-27T12:12:35-05:00 {"source":"Extension.uncaughtException","message":"Cannot read property 'apply' of undefined"} 
ERROR: 2020-10-27T12:12:35-05:00 {"source":"Extension.uncaughtException","message":"Cannot read property 'apply' of undefined"} 
ERROR: 2020-10-27T12:12:35-05:00 {"source":"Extension.uncaughtException","message":"Cannot read property 'apply' of undefined"} 
ERROR: 2020-10-27T12:12:35-05:00 {"source":"Extension.uncaughtException","message":"Cannot read property 'apply' of undefined"} 
ERROR: 2020-10-27T12:12:35-05:00 {"source":"Extension.uncaughtException","message":"Cannot read property 'apply' of undefined"} 
ERROR: 2020-10-27T12:12:35-05:00 {"source":"Extension.uncaughtException","message":"Cannot read property 'apply' of undefined"} 
ERROR: 2020-10-27T12:12:35-05:00 {"source":"Extension.uncaughtException","message":"Cannot read property 'apply' of undefined"} 
ERROR: 2020-10-27T12:12:35-05:00 {"source":"Extension.uncaughtException","message":"Cannot read property 'apply' of undefined"} 
ERROR: 2020-10-27T12:12:35-05:00 {"source":"Extension.uncaughtException","message":"Cannot read property 'apply' of undefined"} 
ERROR: 2020-10-27T12:12:35-05:00 {"source":"Extension.uncaughtException","message":"Cannot read property 'apply' of undefined"} 
ERROR: 2020-10-27T12:12:35-05:00 {"source":"Extension.uncaughtException","message":"Cannot read property 'apply' of undefined"} 
ERROR: 2020-10-27T12:12:35-05:00 {"source":"Extension.uncaughtException","message":"Cannot read property 'apply' of undefined"} 
ERROR: 2020-10-27T12:12:35-05:00 {"source":"Extension.uncaughtException","message":"Cannot read property 'apply' of undefined"} 
ERROR: 2020-10-27T12:12:35-05:00 {"source":"Extension.uncaughtException","message":"Cannot read property 'apply' of undefined"} 
ERROR: 2020-10-27T12:12:35-05:00 {"source":"Extension.uncaughtException","message":"Cannot read property 'apply' of undefined"} 
ERROR: 2020-10-27T12:12:35-05:00 {"source":"Extension.uncaughtException","message":"Cannot read property 'apply' of undefined"} 
ERROR: 2020-10-27T12:12:35-05:00 {"source":"Extension.uncaughtException","message":"Cannot read property 'apply' of undefined"} 
ERROR: 2020-10-27T12:12:35-05:00 {"source":"Extension.uncaughtException","message":"Cannot read property 'apply' of undefined"} 
ERROR: 2020-10-27T12:12:35-05:00 {"source":"Extension.uncaughtException","message":"Cannot read property 'apply' of undefined"} 
ERROR: 2020-10-27T12:12:35-05:00 {"source":"Extension.uncaughtException","message":"Cannot read property 'apply' of undefined"} 
ERROR: 2020-10-27T12:12:35-05:00 {"source":"Extension.uncaughtException","message":"Cannot read property 'apply' of undefined"} 
ERROR: 2020-10-27T12:12:35-05:00 {"source":"Extension.uncaughtException","message":"Cannot read property 'apply' of undefined"} 
ERROR: 2020-10-27T12:12:35-05:00 {"source":"Extension.uncaughtException","message":"Cannot read property 'apply' of undefined"} 
ERROR: 2020-10-27T12:12:35-05:00 {"source":"Extension.uncaughtException","message":"Cannot read property 'apply' of undefined"} 
ERROR: 2020-10-27T12:12:35-05:00 {"source":"Extension.uncaughtException","message":"Cannot read property 'apply' of undefined"} 
ERROR: 2020-10-27T12:12:35-05:00 {"source":"Extension.uncaughtException","message":"Cannot read property 'apply' of undefined"} 
ERROR: 2020-10-27T12:12:35-05:00 {"source":"Extension.uncaughtException","message":"Cannot read property 'apply' of undefined"} 
ERROR: 2020-10-27T12:12:35-05:00 {"source":"Extension.uncaughtException","message":"Cannot read property 'apply' of undefined"} 
ERROR: 2020-10-27T12:12:35-05:00 {"source":"Extension.uncaughtException","message":"Cannot read property 'apply' of undefined"} 
ERROR: 2020-10-27T12:12:35-05:00 {"source":"Extension.uncaughtException","message":"Cannot read property 'apply' of undefined"} 
ERROR: 2020-10-27T12:12:35-05:00 {"source":"Extension.uncaughtException","message":"Cannot read property 'apply' of undefined"} 
ERROR: 2020-10-27T12:12:35-05:00 {"source":"Extension.uncaughtException","message":"Cannot read property 'apply' of undefined"} 
ERROR: 2020-10-27T12:12:35-05:00 {"source":"Extension.uncaughtException","message":"Cannot read property 'apply' of undefined"} 
ERROR: 2020-10-27T12:12:35-05:00 {"source":"Extension.uncaughtException","message":"Cannot read property 'apply' of undefined"} 
ERROR: 2020-10-27T12:12:35-05:00 {"source":"Extension.uncaughtException","message":"Cannot read property 'apply' of undefined"} 
ERROR: 2020-10-27T12:13:19-05:00 {"source":"CodeLens.computeFromGit","message":{}} 
ERROR: 2020-10-27T12:15:02-05:00 {"source":"CodeLens.computeFromGit","message":{}} 
ERROR: 2020-10-27T12:19:42-05:00 {"source":"CodeLens.computeFromGit","message":{}} 
ERROR: 2020-10-27T12:25:34-05:00 {"source":"CodeLens.computeFromGit","message":{}} 
ERROR: 2020-10-27T12:25:42-05:00 {"source":"process.on.unhandledRejection","message":{"source":"Extension.unhandledRejection","message":"DebounceError"}} 
ERROR: 2020-10-27T12:25:42-05:00 {"source":"process.on.unhandledRejection","message":{"source":"Extension.unhandledRejection","message":"DebounceError"}} 
ERROR: 2020-10-27T12:25:43-05:00 {"source":"process.on.unhandledRejection","message":{"source":"Extension.unhandledRejection","message":"DebounceError"}} 
ERROR: 2020-10-27T12:25:51-05:00 {"source":"Extension.uncaughtException","message":"Cannot read property 'apply' of undefined"} 
ERROR: 2020-10-27T12:25:51-05:00 {"source":"Extension.uncaughtException","message":"Cannot read property 'apply' of undefined"} 
ERROR: 2020-10-27T12:25:51-05:00 {"source":"Extension.uncaughtException","message":"Cannot read property 'apply' of undefined"} 
ERROR: 2020-10-27T12:25:51-05:00 {"source":"Extension.uncaughtException","message":"Cannot read property 'apply' of undefined"} 
ERROR: 2020-10-27T12:25:51-05:00 {"source":"Extension.uncaughtException","message":"Cannot read property 'apply' of undefined"} 
ERROR: 2020-10-27T12:25:51-05:00 {"source":"Extension.uncaughtException","message":"Cannot read property 'apply' of undefined"} 
ERROR: 2020-10-27T12:25:51-05:00 {"source":"Extension.uncaughtException","message":"Cannot read property 'apply' of undefined"} 
ERROR: 2020-10-27T12:25:51-05:00 {"source":"Extension.uncaughtException","message":"Cannot read property 'apply' of undefined"} 
ERROR: 2020-10-27T12:25:51-05:00 {"source":"Extension.uncaughtException","message":"Cannot read property 'apply' of undefined"} 
ERROR: 2020-10-27T12:25:51-05:00 {"source":"Extension.uncaughtException","message":"Cannot read property 'apply' of undefined"} 
ERROR: 2020-10-27T12:25:51-05:00 {"source":"Extension.uncaughtException","message":"Cannot read property 'apply' of undefined"} 
ERROR: 2020-10-27T12:25:51-05:00 {"source":"Extension.uncaughtException","message":"Cannot read property 'apply' of undefined"} 
ERROR: 2020-10-27T12:25:51-05:00 {"source":"Extension.uncaughtException","message":"Cannot read property 'apply' of undefined"} 
ERROR: 2020-10-27T12:25:51-05:00 {"source":"Extension.uncaughtException","message":"Cannot read property 'apply' of undefined"} 
ERROR: 2020-10-27T12:25:51-05:00 {"source":"Extension.uncaughtException","message":"Cannot read property 'apply' of undefined"} 
ERROR: 2020-10-27T12:25:51-05:00 {"source":"Extension.uncaughtException","message":"Cannot read property 'apply' of undefined"} 
ERROR: 2020-10-27T12:25:51-05:00 {"source":"Extension.uncaughtException","message":"Cannot read property 'apply' of undefined"} 
ERROR: 2020-10-27T12:25:51-05:00 {"source":"Extension.uncaughtException","message":"Cannot read property 'apply' of undefined"} 
ERROR: 2020-10-27T12:25:51-05:00 {"source":"Extension.uncaughtException","message":"Cannot read property 'apply' of undefined"} 
ERROR: 2020-10-27T12:25:51-05:00 {"source":"Extension.uncaughtException","message":"Cannot read property 'apply' of undefined"} 
ERROR: 2020-10-27T12:25:51-05:00 {"source":"Extension.uncaughtException","message":"Cannot read property 'apply' of undefined"} 
ERROR: 2020-10-27T12:25:51-05:00 {"source":"Extension.uncaughtException","message":"Cannot read property 'apply' of undefined"} 
ERROR: 2020-10-27T12:25:51-05:00 {"source":"Extension.uncaughtException","message":"Cannot read property 'apply' of undefined"} 
ERROR: 2020-10-27T12:25:51-05:00 {"source":"Extension.uncaughtException","message":"Cannot read property 'apply' of undefined"} 
ERROR: 2020-10-27T12:25:51-05:00 {"source":"Extension.uncaughtException","message":"Cannot read property 'apply' of undefined"} 
ERROR: 2020-10-27T12:25:51-05:00 {"source":"Extension.uncaughtException","message":"Cannot read property 'apply' of undefined"} 
ERROR: 2020-10-27T12:25:51-05:00 {"source":"Extension.uncaughtException","message":"Cannot read property 'apply' of undefined"} 
ERROR: 2020-10-27T12:25:51-05:00 {"source":"Extension.uncaughtException","message":"Cannot read property 'apply' of undefined"} 
ERROR: 2020-10-27T12:25:51-05:00 {"source":"Extension.uncaughtException","message":"Cannot read property 'apply' of undefined"} 
ERROR: 2020-10-27T12:25:51-05:00 {"source":"Extension.uncaughtException","message":"Cannot read property 'apply' of undefined"} 
ERROR: 2020-10-27T12:25:51-05:00 {"source":"Extension.uncaughtException","message":"Cannot read property 'apply' of undefined"} 
ERROR: 2020-10-27T12:25:51-05:00 {"source":"Extension.uncaughtException","message":"Cannot read property 'apply' of undefined"} 
ERROR: 2020-10-27T12:25:51-05:00 {"source":"Extension.uncaughtException","message":"Cannot read property 'apply' of undefined"} 
ERROR: 2020-10-27T12:25:51-05:00 {"source":"Extension.uncaughtException","message":"Cannot read property 'apply' of undefined"} 
ERROR: 2020-10-27T12:25:51-05:00 {"source":"Extension.uncaughtException","message":"Cannot read property 'apply' of undefined"} 
ERROR: 2020-10-27T12:25:51-05:00 {"source":"Extension.uncaughtException","message":"Cannot read property 'apply' of undefined"} 
ERROR: 2020-10-27T12:25:51-05:00 {"source":"Extension.uncaughtException","message":"Cannot read property 'apply' of undefined"} 
ERROR: 2020-10-27T12:25:51-05:00 {"source":"Extension.uncaughtException","message":"Cannot read property 'apply' of undefined"} 
ERROR: 2020-10-27T12:25:51-05:00 {"source":"Extension.uncaughtException","message":"Cannot read property 'apply' of undefined"} 
ERROR: 2020-10-27T12:25:51-05:00 {"source":"Extension.uncaughtException","message":"Cannot read property 'apply' of undefined"} 
ERROR: 2020-10-27T12:25:51-05:00 {"source":"Extension.uncaughtException","message":"Cannot read property 'apply' of undefined"} 
ERROR: 2020-10-27T12:25:51-05:00 {"source":"Extension.uncaughtException","message":"Cannot read property 'apply' of undefined"} 
ERROR: 2020-10-27T12:25:51-05:00 {"source":"Extension.uncaughtException","message":"Cannot read property 'apply' of undefined"} 
ERROR: 2020-10-27T12:25:51-05:00 {"source":"Extension.uncaughtException","message":"Cannot read property 'apply' of undefined"} 
ERROR: 2020-10-27T12:25:51-05:00 {"source":"Extension.uncaughtException","message":"Cannot read property 'apply' of undefined"} 
ERROR: 2020-10-27T12:25:51-05:00 {"source":"Extension.uncaughtException","message":"Cannot read property 'apply' of undefined"} 
ERROR: 2020-10-27T12:25:51-05:00 {"source":"Extension.uncaughtException","message":"Cannot read property 'apply' of undefined"} 
ERROR: 2020-10-27T12:25:51-05:00 {"source":"Extension.uncaughtException","message":"Cannot read property 'apply' of undefined"} 
ERROR: 2020-10-27T12:25:51-05:00 {"source":"Extension.uncaughtException","message":"Cannot read property 'apply' of undefined"} 
ERROR: 2020-10-27T12:25:51-05:00 {"source":"Extension.uncaughtException","message":"Cannot read property 'apply' of undefined"} 
ERROR: 2020-10-27T12:27:22-05:00 {"source":"CodeLens.computeFromGit","message":{}} 
ERROR: 2020-10-27T12:29:04-05:00 {"source":"CodeLens.computeFromGit","message":{}} 
ERROR: 2020-10-27T12:30:05-05:00 {"source":"CodeLens.computeFromGit","message":{}} 
ERROR: 2020-10-27T12:30:43-05:00 {"source":"process.on.unhandledRejection","message":{"source":"Extension.unhandledRejection","message":"Expected corresponding JSX closing tag for <L> (14:4)"}} 
ERROR: 2020-10-27T12:36:58-05:00 {"source":"process.on.unhandledRejection","message":{"source":"Extension.unhandledRejection","message":"Network Error"}} 
ERROR: 2020-10-27T12:36:58-05:00 {"source":"UpdateNotification.getMarketplaceVersion","message":"request to https://marketplace.visualstudio.com/items?itemName=Stepsize.tech-debt-tracker failed, reason: getaddrinfo ENOTFOUND marketplace.visualstudio.com"} 
ERROR: 2020-10-27T12:44:05-05:00 {"source":"CodeLens.computeFromGit","message":{}} 
ERROR: 2020-10-27T12:44:20-05:00 {"source":"AnalyticsProvider.sendData","message":"getaddrinfo ENOTFOUND api.segment.io"} 
ERROR: 2020-10-27T12:54:54-05:00 {"source":"process.on.unhandledRejection","message":{"source":"Extension.unhandledRejection","message":"Request has been terminated\nPossible causes: the network is offline, Origin is not allowed by Access-Control-Allow-Origin, the page is being unloaded, etc."}} 
ERROR: 2020-10-27T12:54:58-05:00 {"source":"process.on.unhandledRejection","message":{"source":"Extension.unhandledRejection","message":"Request has been terminated\nPossible causes: the network is offline, Origin is not allowed by Access-Control-Allow-Origin, the page is being unloaded, etc."}} 
ERROR: 2020-10-27T12:54:58-05:00 {"source":"process.on.unhandledRejection","message":{"source":"Extension.unhandledRejection","message":"Request has been terminated\nPossible causes: the network is offline, Origin is not allowed by Access-Control-Allow-Origin, the page is being unloaded, etc."}} 
ERROR: 2020-10-27T12:54:58-05:00 {"source":"process.on.unhandledRejection","message":{"source":"Extension.unhandledRejection","message":"Request has been terminated\nPossible causes: the network is offline, Origin is not allowed by Access-Control-Allow-Origin, the page is being unloaded, etc."}} 
ERROR: 2020-10-27T12:54:58-05:00 {"source":"process.on.unhandledRejection","message":{"source":"Extension.unhandledRejection","message":"Request has been terminated\nPossible causes: the network is offline, Origin is not allowed by Access-Control-Allow-Origin, the page is being unloaded, etc."}} 
ERROR: 2020-10-27T12:54:59-05:00 {"source":"process.on.unhandledRejection","message":{"source":"Extension.unhandledRejection","message":"Request has been terminated\nPossible causes: the network is offline, Origin is not allowed by Access-Control-Allow-Origin, the page is being unloaded, etc."}} 
ERROR: 2020-10-27T12:55:00-05:00 {"source":"process.on.unhandledRejection","message":{"source":"Extension.unhandledRejection","message":"Request has been terminated\nPossible causes: the network is offline, Origin is not allowed by Access-Control-Allow-Origin, the page is being unloaded, etc."}} 
ERROR: 2020-10-27T12:55:01-05:00 {"source":"process.on.unhandledRejection","message":{"source":"Extension.unhandledRejection","message":"Request has been terminated\nPossible causes: the network is offline, Origin is not allowed by Access-Control-Allow-Origin, the page is being unloaded, etc."}} 
ERROR: 2020-10-27T12:55:02-05:00 {"source":"process.on.unhandledRejection","message":{"source":"Extension.unhandledRejection","message":"Request has been terminated\nPossible causes: the network is offline, Origin is not allowed by Access-Control-Allow-Origin, the page is being unloaded, etc."}} 
ERROR: 2020-10-27T12:55:05-05:00 {"source":"process.on.unhandledRejection","message":{"source":"Extension.unhandledRejection","message":"Request has been terminated\nPossible causes: the network is offline, Origin is not allowed by Access-Control-Allow-Origin, the page is being unloaded, etc."}} 
ERROR: 2020-10-27T12:55:05-05:00 {"source":"process.on.unhandledRejection","message":{"source":"Extension.unhandledRejection","message":"Request has been terminated\nPossible causes: the network is offline, Origin is not allowed by Access-Control-Allow-Origin, the page is being unloaded, etc."}} 
ERROR: 2020-10-27T12:55:05-05:00 {"source":"process.on.unhandledRejection","message":{"source":"Extension.unhandledRejection","message":"Request has been terminated\nPossible causes: the network is offline, Origin is not allowed by Access-Control-Allow-Origin, the page is being unloaded, etc."}} 
ERROR: 2020-10-27T12:55:06-05:00 {"source":"process.on.unhandledRejection","message":{"source":"Extension.unhandledRejection","message":"Request has been terminated\nPossible causes: the network is offline, Origin is not allowed by Access-Control-Allow-Origin, the page is being unloaded, etc."}} 
ERROR: 2020-10-27T12:55:07-05:00 {"source":"process.on.unhandledRejection","message":{"source":"Extension.unhandledRejection","message":"Request has been terminated\nPossible causes: the network is offline, Origin is not allowed by Access-Control-Allow-Origin, the page is being unloaded, etc."}} 
ERROR: 2020-10-27T12:55:08-05:00 {"source":"process.on.unhandledRejection","message":{"source":"Extension.unhandledRejection","message":"Request has been terminated\nPossible causes: the network is offline, Origin is not allowed by Access-Control-Allow-Origin, the page is being unloaded, etc."}} 
ERROR: 2020-10-27T12:55:09-05:00 {"source":"process.on.unhandledRejection","message":{"source":"Extension.unhandledRejection","message":"Request has been terminated\nPossible causes: the network is offline, Origin is not allowed by Access-Control-Allow-Origin, the page is being unloaded, etc."}} 
ERROR: 2020-10-27T12:55:10-05:00 {"source":"process.on.unhandledRejection","message":{"source":"Extension.unhandledRejection","message":"Request has been terminated\nPossible causes: the network is offline, Origin is not allowed by Access-Control-Allow-Origin, the page is being unloaded, etc."}} 
ERROR: 2020-10-27T12:55:13-05:00 {"source":"process.on.unhandledRejection","message":{"source":"Extension.unhandledRejection","message":"Request has been terminated\nPossible causes: the network is offline, Origin is not allowed by Access-Control-Allow-Origin, the page is being unloaded, etc."}} 
ERROR: 2020-10-27T12:55:13-05:00 {"source":"process.on.unhandledRejection","message":{"source":"Extension.unhandledRejection","message":"Request has been terminated\nPossible causes: the network is offline, Origin is not allowed by Access-Control-Allow-Origin, the page is being unloaded, etc."}} 
ERROR: 2020-10-27T12:55:13-05:00 {"source":"process.on.unhandledRejection","message":{"source":"Extension.unhandledRejection","message":"Request has been terminated\nPossible causes: the network is offline, Origin is not allowed by Access-Control-Allow-Origin, the page is being unloaded, etc."}} 
ERROR: 2020-10-27T12:55:14-05:00 {"source":"process.on.unhandledRejection","message":{"source":"Extension.unhandledRejection","message":"Request has been terminated\nPossible causes: the network is offline, Origin is not allowed by Access-Control-Allow-Origin, the page is being unloaded, etc."}} 
ERROR: 2020-10-27T12:55:15-05:00 {"source":"process.on.unhandledRejection","message":{"source":"Extension.unhandledRejection","message":"Request has been terminated\nPossible causes: the network is offline, Origin is not allowed by Access-Control-Allow-Origin, the page is being unloaded, etc."}} 
ERROR: 2020-10-27T12:55:16-05:00 {"source":"process.on.unhandledRejection","message":{"source":"Extension.unhandledRejection","message":"Request has been terminated\nPossible causes: the network is offline, Origin is not allowed by Access-Control-Allow-Origin, the page is being unloaded, etc."}} 
ERROR: 2020-10-27T12:55:17-05:00 {"source":"process.on.unhandledRejection","message":{"source":"Extension.unhandledRejection","message":"Request has been terminated\nPossible causes: the network is offline, Origin is not allowed by Access-Control-Allow-Origin, the page is being unloaded, etc."}} 
ERROR: 2020-10-27T12:55:18-05:00 {"source":"process.on.unhandledRejection","message":{"source":"Extension.unhandledRejection","message":"Request has been terminated\nPossible causes: the network is offline, Origin is not allowed by Access-Control-Allow-Origin, the page is being unloaded, etc."}} 
ERROR: 2020-10-27T12:55:21-05:00 {"source":"process.on.unhandledRejection","message":{"source":"Extension.unhandledRejection","message":"Request has been terminated\nPossible causes: the network is offline, Origin is not allowed by Access-Control-Allow-Origin, the page is being unloaded, etc."}} 
ERROR: 2020-10-27T12:55:21-05:00 {"source":"process.on.unhandledRejection","message":{"source":"Extension.unhandledRejection","message":"Request has been terminated\nPossible causes: the network is offline, Origin is not allowed by Access-Control-Allow-Origin, the page is being unloaded, etc."}} 
ERROR: 2020-10-27T12:55:21-05:00 {"source":"process.on.unhandledRejection","message":{"source":"Extension.unhandledRejection","message":"Request has been terminated\nPossible causes: the network is offline, Origin is not allowed by Access-Control-Allow-Origin, the page is being unloaded, etc."}} 
ERROR: 2020-10-27T12:55:22-05:00 {"source":"process.on.unhandledRejection","message":{"source":"Extension.unhandledRejection","message":"Request has been terminated\nPossible causes: the network is offline, Origin is not allowed by Access-Control-Allow-Origin, the page is being unloaded, etc."}} 
ERROR: 2020-10-27T12:55:23-05:00 {"source":"process.on.unhandledRejection","message":{"source":"Extension.unhandledRejection","message":"Request has been terminated\nPossible causes: the network is offline, Origin is not allowed by Access-Control-Allow-Origin, the page is being unloaded, etc."}} 
ERROR: 2020-10-27T12:55:24-05:00 {"source":"process.on.unhandledRejection","message":{"source":"Extension.unhandledRejection","message":"Request has been terminated\nPossible causes: the network is offline, Origin is not allowed by Access-Control-Allow-Origin, the page is being unloaded, etc."}} 
ERROR: 2020-10-27T12:55:25-05:00 {"source":"process.on.unhandledRejection","message":{"source":"Extension.unhandledRejection","message":"Request has been terminated\nPossible causes: the network is offline, Origin is not allowed by Access-Control-Allow-Origin, the page is being unloaded, etc."}} 
ERROR: 2020-10-27T12:55:26-05:00 {"source":"process.on.unhandledRejection","message":{"source":"Extension.unhandledRejection","message":"Request has been terminated\nPossible causes: the network is offline, Origin is not allowed by Access-Control-Allow-Origin, the page is being unloaded, etc."}} 
ERROR: 2020-10-27T12:55:29-05:00 {"source":"process.on.unhandledRejection","message":{"source":"Extension.unhandledRejection","message":"Request has been terminated\nPossible causes: the network is offline, Origin is not allowed by Access-Control-Allow-Origin, the page is being unloaded, etc."}} 
ERROR: 2020-10-27T12:55:29-05:00 {"source":"process.on.unhandledRejection","message":{"source":"Extension.unhandledRejection","message":"Request has been terminated\nPossible causes: the network is offline, Origin is not allowed by Access-Control-Allow-Origin, the page is being unloaded, etc."}} 
ERROR: 2020-10-27T12:55:29-05:00 {"source":"process.on.unhandledRejection","message":{"source":"Extension.unhandledRejection","message":"Request has been terminated\nPossible causes: the network is offline, Origin is not allowed by Access-Control-Allow-Origin, the page is being unloaded, etc."}} 
ERROR: 2020-10-27T12:55:30-05:00 {"source":"process.on.unhandledRejection","message":{"source":"Extension.unhandledRejection","message":"Request has been terminated\nPossible causes: the network is offline, Origin is not allowed by Access-Control-Allow-Origin, the page is being unloaded, etc."}} 
ERROR: 2020-10-27T12:55:31-05:00 {"source":"process.on.unhandledRejection","message":{"source":"Extension.unhandledRejection","message":"Request has been terminated\nPossible causes: the network is offline, Origin is not allowed by Access-Control-Allow-Origin, the page is being unloaded, etc."}} 
ERROR: 2020-10-27T12:55:32-05:00 {"source":"process.on.unhandledRejection","message":{"source":"Extension.unhandledRejection","message":"Request has been terminated\nPossible causes: the network is offline, Origin is not allowed by Access-Control-Allow-Origin, the page is being unloaded, etc."}} 
ERROR: 2020-10-27T12:55:33-05:00 {"source":"process.on.unhandledRejection","message":{"source":"Extension.unhandledRejection","message":"Request has been terminated\nPossible causes: the network is offline, Origin is not allowed by Access-Control-Allow-Origin, the page is being unloaded, etc."}} 
ERROR: 2020-10-27T12:55:34-05:00 {"source":"process.on.unhandledRejection","message":{"source":"Extension.unhandledRejection","message":"Request has been terminated\nPossible causes: the network is offline, Origin is not allowed by Access-Control-Allow-Origin, the page is being unloaded, etc."}} 
ERROR: 2020-10-27T12:55:37-05:00 {"source":"process.on.unhandledRejection","message":{"source":"Extension.unhandledRejection","message":"Request has been terminated\nPossible causes: the network is offline, Origin is not allowed by Access-Control-Allow-Origin, the page is being unloaded, etc."}} 
ERROR: 2020-10-27T12:55:37-05:00 {"source":"process.on.unhandledRejection","message":{"source":"Extension.unhandledRejection","message":"Request has been terminated\nPossible causes: the network is offline, Origin is not allowed by Access-Control-Allow-Origin, the page is being unloaded, etc."}} 
ERROR: 2020-10-27T12:55:37-05:00 {"source":"process.on.unhandledRejection","message":{"source":"Extension.unhandledRejection","message":"Request has been terminated\nPossible causes: the network is offline, Origin is not allowed by Access-Control-Allow-Origin, the page is being unloaded, etc."}} 
ERROR: 2020-10-27T12:55:38-05:00 {"source":"process.on.unhandledRejection","message":{"source":"Extension.unhandledRejection","message":"Request has been terminated\nPossible causes: the network is offline, Origin is not allowed by Access-Control-Allow-Origin, the page is being unloaded, etc."}} 
ERROR: 2020-10-27T12:55:39-05:00 {"source":"process.on.unhandledRejection","message":{"source":"Extension.unhandledRejection","message":"Request has been terminated\nPossible causes: the network is offline, Origin is not allowed by Access-Control-Allow-Origin, the page is being unloaded, etc."}} 
ERROR: 2020-10-27T12:55:40-05:00 {"source":"process.on.unhandledRejection","message":{"source":"Extension.unhandledRejection","message":"Request has been terminated\nPossible causes: the network is offline, Origin is not allowed by Access-Control-Allow-Origin, the page is being unloaded, etc."}} 
ERROR: 2020-10-27T12:55:41-05:00 {"source":"process.on.unhandledRejection","message":{"source":"Extension.unhandledRejection","message":"Request has been terminated\nPossible causes: the network is offline, Origin is not allowed by Access-Control-Allow-Origin, the page is being unloaded, etc."}} 
ERROR: 2020-10-27T12:55:45-05:00 {"source":"process.on.unhandledRejection","message":{"source":"Extension.unhandledRejection","message":"Request has been terminated\nPossible causes: the network is offline, Origin is not allowed by Access-Control-Allow-Origin, the page is being unloaded, etc."}} 
ERROR: 2020-10-27T12:55:45-05:00 {"source":"process.on.unhandledRejection","message":{"source":"Extension.unhandledRejection","message":"Request has been terminated\nPossible causes: the network is offline, Origin is not allowed by Access-Control-Allow-Origin, the page is being unloaded, etc."}} 
ERROR: 2020-10-27T12:55:45-05:00 {"source":"process.on.unhandledRejection","message":{"source":"Extension.unhandledRejection","message":"Request has been terminated\nPossible causes: the network is offline, Origin is not allowed by Access-Control-Allow-Origin, the page is being unloaded, etc."}} 
ERROR: 2020-10-27T12:55:45-05:00 {"source":"process.on.unhandledRejection","message":{"source":"Extension.unhandledRejection","message":"Request has been terminated\nPossible causes: the network is offline, Origin is not allowed by Access-Control-Allow-Origin, the page is being unloaded, etc."}} 
ERROR: 2020-10-27T12:55:46-05:00 {"source":"process.on.unhandledRejection","message":{"source":"Extension.unhandledRejection","message":"Request has been terminated\nPossible causes: the network is offline, Origin is not allowed by Access-Control-Allow-Origin, the page is being unloaded, etc."}} 
ERROR: 2020-10-27T12:55:47-05:00 {"source":"process.on.unhandledRejection","message":{"source":"Extension.unhandledRejection","message":"Request has been terminated\nPossible causes: the network is offline, Origin is not allowed by Access-Control-Allow-Origin, the page is being unloaded, etc."}} 
ERROR: 2020-10-27T12:55:48-05:00 {"source":"process.on.unhandledRejection","message":{"source":"Extension.unhandledRejection","message":"Request has been terminated\nPossible causes: the network is offline, Origin is not allowed by Access-Control-Allow-Origin, the page is being unloaded, etc."}} 
ERROR: 2020-10-27T12:55:49-05:00 {"source":"process.on.unhandledRejection","message":{"source":"Extension.unhandledRejection","message":"Request has been terminated\nPossible causes: the network is offline, Origin is not allowed by Access-Control-Allow-Origin, the page is being unloaded, etc."}} 
ERROR: 2020-10-27T12:55:52-05:00 {"source":"process.on.unhandledRejection","message":{"source":"Extension.unhandledRejection","message":"Request has been terminated\nPossible causes: the network is offline, Origin is not allowed by Access-Control-Allow-Origin, the page is being unloaded, etc."}} 
ERROR: 2020-10-27T12:55:52-05:00 {"source":"process.on.unhandledRejection","message":{"source":"Extension.unhandledRejection","message":"Request has been terminated\nPossible causes: the network is offline, Origin is not allowed by Access-Control-Allow-Origin, the page is being unloaded, etc."}} 
ERROR: 2020-10-27T12:55:52-05:00 {"source":"process.on.unhandledRejection","message":{"source":"Extension.unhandledRejection","message":"Request has been terminated\nPossible causes: the network is offline, Origin is not allowed by Access-Control-Allow-Origin, the page is being unloaded, etc."}} 
ERROR: 2020-10-27T12:55:53-05:00 {"source":"process.on.unhandledRejection","message":{"source":"Extension.unhandledRejection","message":"Request has been terminated\nPossible causes: the network is offline, Origin is not allowed by Access-Control-Allow-Origin, the page is being unloaded, etc."}} 
ERROR: 2020-10-27T12:55:54-05:00 {"source":"process.on.unhandledRejection","message":{"source":"Extension.unhandledRejection","message":"Request has been terminated\nPossible causes: the network is offline, Origin is not allowed by Access-Control-Allow-Origin, the page is being unloaded, etc."}} 
ERROR: 2020-10-27T12:55:55-05:00 {"source":"process.on.unhandledRejection","message":{"source":"Extension.unhandledRejection","message":"Request has been terminated\nPossible causes: the network is offline, Origin is not allowed by Access-Control-Allow-Origin, the page is being unloaded, etc."}} 
ERROR: 2020-10-27T12:55:56-05:00 {"source":"process.on.unhandledRejection","message":{"source":"Extension.unhandledRejection","message":"Request has been terminated\nPossible causes: the network is offline, Origin is not allowed by Access-Control-Allow-Origin, the page is being unloaded, etc."}} 
ERROR: 2020-10-27T12:55:57-05:00 {"source":"process.on.unhandledRejection","message":{"source":"Extension.unhandledRejection","message":"Request has been terminated\nPossible causes: the network is offline, Origin is not allowed by Access-Control-Allow-Origin, the page is being unloaded, etc."}} 
ERROR: 2020-10-27T12:56:00-05:00 {"source":"process.on.unhandledRejection","message":{"source":"Extension.unhandledRejection","message":"Request has been terminated\nPossible causes: the network is offline, Origin is not allowed by Access-Control-Allow-Origin, the page is being unloaded, etc."}} 
ERROR: 2020-10-27T12:56:00-05:00 {"source":"process.on.unhandledRejection","message":{"source":"Extension.unhandledRejection","message":"Request has been terminated\nPossible causes: the network is offline, Origin is not allowed by Access-Control-Allow-Origin, the page is being unloaded, etc."}} 
ERROR: 2020-10-27T12:56:00-05:00 {"source":"process.on.unhandledRejection","message":{"source":"Extension.unhandledRejection","message":"Request has been terminated\nPossible causes: the network is offline, Origin is not allowed by Access-Control-Allow-Origin, the page is being unloaded, etc."}} 
ERROR: 2020-10-27T12:56:01-05:00 {"source":"process.on.unhandledRejection","message":{"source":"Extension.unhandledRejection","message":"Request has been terminated\nPossible causes: the network is offline, Origin is not allowed by Access-Control-Allow-Origin, the page is being unloaded, etc."}} 
ERROR: 2020-10-27T12:56:02-05:00 {"source":"process.on.unhandledRejection","message":{"source":"Extension.unhandledRejection","message":"Request has been terminated\nPossible causes: the network is offline, Origin is not allowed by Access-Control-Allow-Origin, the page is being unloaded, etc."}} 
ERROR: 2020-10-27T12:56:03-05:00 {"source":"process.on.unhandledRejection","message":{"source":"Extension.unhandledRejection","message":"Request has been terminated\nPossible causes: the network is offline, Origin is not allowed by Access-Control-Allow-Origin, the page is being unloaded, etc."}} 
ERROR: 2020-10-27T12:56:04-05:00 {"source":"process.on.unhandledRejection","message":{"source":"Extension.unhandledRejection","message":"Request has been terminated\nPossible causes: the network is offline, Origin is not allowed by Access-Control-Allow-Origin, the page is being unloaded, etc."}} 
ERROR: 2020-10-27T12:56:05-05:00 {"source":"process.on.unhandledRejection","message":{"source":"Extension.unhandledRejection","message":"Request has been terminated\nPossible causes: the network is offline, Origin is not allowed by Access-Control-Allow-Origin, the page is being unloaded, etc."}} 
ERROR: 2020-10-27T12:56:08-05:00 {"source":"process.on.unhandledRejection","message":{"source":"Extension.unhandledRejection","message":"Request has been terminated\nPossible causes: the network is offline, Origin is not allowed by Access-Control-Allow-Origin, the page is being unloaded, etc."}} 
ERROR: 2020-10-27T12:56:08-05:00 {"source":"process.on.unhandledRejection","message":{"source":"Extension.unhandledRejection","message":"Request has been terminated\nPossible causes: the network is offline, Origin is not allowed by Access-Control-Allow-Origin, the page is being unloaded, etc."}} 
ERROR: 2020-10-27T12:56:08-05:00 {"source":"process.on.unhandledRejection","message":{"source":"Extension.unhandledRejection","message":"Request has been terminated\nPossible causes: the network is offline, Origin is not allowed by Access-Control-Allow-Origin, the page is being unloaded, etc."}} 
ERROR: 2020-10-27T12:56:09-05:00 {"source":"process.on.unhandledRejection","message":{"source":"Extension.unhandledRejection","message":"Request has been terminated\nPossible causes: the network is offline, Origin is not allowed by Access-Control-Allow-Origin, the page is being unloaded, etc."}} 
ERROR: 2020-10-27T12:56:10-05:00 {"source":"process.on.unhandledRejection","message":{"source":"Extension.unhandledRejection","message":"Request has been terminated\nPossible causes: the network is offline, Origin is not allowed by Access-Control-Allow-Origin, the page is being unloaded, etc."}} 
ERROR: 2020-10-27T12:56:11-05:00 {"source":"process.on.unhandledRejection","message":{"source":"Extension.unhandledRejection","message":"Request has been terminated\nPossible causes: the network is offline, Origin is not allowed by Access-Control-Allow-Origin, the page is being unloaded, etc."}} 
ERROR: 2020-10-27T12:56:12-05:00 {"source":"process.on.unhandledRejection","message":{"source":"Extension.unhandledRejection","message":"Request has been terminated\nPossible causes: the network is offline, Origin is not allowed by Access-Control-Allow-Origin, the page is being unloaded, etc."}} 
ERROR: 2020-10-27T12:56:13-05:00 {"source":"process.on.unhandledRejection","message":{"source":"Extension.unhandledRejection","message":"Request has been terminated\nPossible causes: the network is offline, Origin is not allowed by Access-Control-Allow-Origin, the page is being unloaded, etc."}} 
ERROR: 2020-10-27T12:56:16-05:00 {"source":"process.on.unhandledRejection","message":{"source":"Extension.unhandledRejection","message":"Request has been terminated\nPossible causes: the network is offline, Origin is not allowed by Access-Control-Allow-Origin, the page is being unloaded, etc."}} 
ERROR: 2020-10-27T12:56:16-05:00 {"source":"process.on.unhandledRejection","message":{"source":"Extension.unhandledRejection","message":"Request has been terminated\nPossible causes: the network is offline, Origin is not allowed by Access-Control-Allow-Origin, the page is being unloaded, etc."}} 
ERROR: 2020-10-27T12:56:16-05:00 {"source":"process.on.unhandledRejection","message":{"source":"Extension.unhandledRejection","message":"Request has been terminated\nPossible causes: the network is offline, Origin is not allowed by Access-Control-Allow-Origin, the page is being unloaded, etc."}} 
ERROR: 2020-10-27T12:56:17-05:00 {"source":"process.on.unhandledRejection","message":{"source":"Extension.unhandledRejection","message":"Request has been terminated\nPossible causes: the network is offline, Origin is not allowed by Access-Control-Allow-Origin, the page is being unloaded, etc."}} 
ERROR: 2020-10-27T12:56:18-05:00 {"source":"process.on.unhandledRejection","message":{"source":"Extension.unhandledRejection","message":"Request has been terminated\nPossible causes: the network is offline, Origin is not allowed by Access-Control-Allow-Origin, the page is being unloaded, etc."}} 
ERROR: 2020-10-27T12:56:19-05:00 {"source":"process.on.unhandledRejection","message":{"source":"Extension.unhandledRejection","message":"Request has been terminated\nPossible causes: the network is offline, Origin is not allowed by Access-Control-Allow-Origin, the page is being unloaded, etc."}} 
ERROR: 2020-10-27T12:56:20-05:00 {"source":"process.on.unhandledRejection","message":{"source":"Extension.unhandledRejection","message":"Request has been terminated\nPossible causes: the network is offline, Origin is not allowed by Access-Control-Allow-Origin, the page is being unloaded, etc."}} 
ERROR: 2020-10-27T12:56:21-05:00 {"source":"process.on.unhandledRejection","message":{"source":"Extension.unhandledRejection","message":"Request has been terminated\nPossible causes: the network is offline, Origin is not allowed by Access-Control-Allow-Origin, the page is being unloaded, etc."}} 
ERROR: 2020-10-27T12:56:24-05:00 {"source":"process.on.unhandledRejection","message":{"source":"Extension.unhandledRejection","message":"Request has been terminated\nPossible causes: the network is offline, Origin is not allowed by Access-Control-Allow-Origin, the page is being unloaded, etc."}} 
ERROR: 2020-10-27T12:56:24-05:00 {"source":"process.on.unhandledRejection","message":{"source":"Extension.unhandledRejection","message":"Request has been terminated\nPossible causes: the network is offline, Origin is not allowed by Access-Control-Allow-Origin, the page is being unloaded, etc."}} 
ERROR: 2020-10-27T12:56:24-05:00 {"source":"process.on.unhandledRejection","message":{"source":"Extension.unhandledRejection","message":"Request has been terminated\nPossible causes: the network is offline, Origin is not allowed by Access-Control-Allow-Origin, the page is being unloaded, etc."}} 
ERROR: 2020-10-27T12:56:25-05:00 {"source":"process.on.unhandledRejection","message":{"source":"Extension.unhandledRejection","message":"Request has been terminated\nPossible causes: the network is offline, Origin is not allowed by Access-Control-Allow-Origin, the page is being unloaded, etc."}} 
ERROR: 2020-10-27T12:56:26-05:00 {"source":"process.on.unhandledRejection","message":{"source":"Extension.unhandledRejection","message":"Request has been terminated\nPossible causes: the network is offline, Origin is not allowed by Access-Control-Allow-Origin, the page is being unloaded, etc."}} 
ERROR: 2020-10-27T12:56:27-05:00 {"source":"process.on.unhandledRejection","message":{"source":"Extension.unhandledRejection","message":"Request has been terminated\nPossible causes: the network is offline, Origin is not allowed by Access-Control-Allow-Origin, the page is being unloaded, etc."}} 
ERROR: 2020-10-27T12:56:28-05:00 {"source":"process.on.unhandledRejection","message":{"source":"Extension.unhandledRejection","message":"Request has been terminated\nPossible causes: the network is offline, Origin is not allowed by Access-Control-Allow-Origin, the page is being unloaded, etc."}} 
ERROR: 2020-10-27T12:56:32-05:00 {"source":"process.on.unhandledRejection","message":{"source":"Extension.unhandledRejection","message":"Request has been terminated\nPossible causes: the network is offline, Origin is not allowed by Access-Control-Allow-Origin, the page is being unloaded, etc."}} 
ERROR: 2020-10-27T12:56:32-05:00 {"source":"process.on.unhandledRejection","message":{"source":"Extension.unhandledRejection","message":"Request has been terminated\nPossible causes: the network is offline, Origin is not allowed by Access-Control-Allow-Origin, the page is being unloaded, etc."}} 
ERROR: 2020-10-27T12:56:32-05:00 {"source":"process.on.unhandledRejection","message":{"source":"Extension.unhandledRejection","message":"Request has been terminated\nPossible causes: the network is offline, Origin is not allowed by Access-Control-Allow-Origin, the page is being unloaded, etc."}} 
ERROR: 2020-10-27T12:56:32-05:00 {"source":"process.on.unhandledRejection","message":{"source":"Extension.unhandledRejection","message":"Request has been terminated\nPossible causes: the network is offline, Origin is not allowed by Access-Control-Allow-Origin, the page is being unloaded, etc."}} 
ERROR: 2020-10-27T12:56:33-05:00 {"source":"process.on.unhandledRejection","message":{"source":"Extension.unhandledRejection","message":"Request has been terminated\nPossible causes: the network is offline, Origin is not allowed by Access-Control-Allow-Origin, the page is being unloaded, etc."}} 
ERROR: 2020-10-27T12:56:34-05:00 {"source":"process.on.unhandledRejection","message":{"source":"Extension.unhandledRejection","message":"Request has been terminated\nPossible causes: the network is offline, Origin is not allowed by Access-Control-Allow-Origin, the page is being unloaded, etc."}} 
ERROR: 2020-10-27T12:56:35-05:00 {"source":"process.on.unhandledRejection","message":{"source":"Extension.unhandledRejection","message":"Request has been terminated\nPossible causes: the network is offline, Origin is not allowed by Access-Control-Allow-Origin, the page is being unloaded, etc."}} 
ERROR: 2020-10-27T12:56:36-05:00 {"source":"process.on.unhandledRejection","message":{"source":"Extension.unhandledRejection","message":"Request has been terminated\nPossible causes: the network is offline, Origin is not allowed by Access-Control-Allow-Origin, the page is being unloaded, etc."}} 
ERROR: 2020-10-27T12:56:39-05:00 {"source":"process.on.unhandledRejection","message":{"source":"Extension.unhandledRejection","message":"Request has been terminated\nPossible causes: the network is offline, Origin is not allowed by Access-Control-Allow-Origin, the page is being unloaded, etc."}} 
ERROR: 2020-10-27T12:56:39-05:00 {"source":"process.on.unhandledRejection","message":{"source":"Extension.unhandledRejection","message":"Request has been terminated\nPossible causes: the network is offline, Origin is not allowed by Access-Control-Allow-Origin, the page is being unloaded, etc."}} 
ERROR: 2020-10-27T12:56:39-05:00 {"source":"process.on.unhandledRejection","message":{"source":"Extension.unhandledRejection","message":"Request has been terminated\nPossible causes: the network is offline, Origin is not allowed by Access-Control-Allow-Origin, the page is being unloaded, etc."}} 
ERROR: 2020-10-27T12:56:40-05:00 {"source":"process.on.unhandledRejection","message":{"source":"Extension.unhandledRejection","message":"Request has been terminated\nPossible causes: the network is offline, Origin is not allowed by Access-Control-Allow-Origin, the page is being unloaded, etc."}} 
ERROR: 2020-10-27T12:56:41-05:00 {"source":"process.on.unhandledRejection","message":{"source":"Extension.unhandledRejection","message":"Request has been terminated\nPossible causes: the network is offline, Origin is not allowed by Access-Control-Allow-Origin, the page is being unloaded, etc."}} 
ERROR: 2020-10-27T12:56:42-05:00 {"source":"process.on.unhandledRejection","message":{"source":"Extension.unhandledRejection","message":"Request has been terminated\nPossible causes: the network is offline, Origin is not allowed by Access-Control-Allow-Origin, the page is being unloaded, etc."}} 
ERROR: 2020-10-27T12:56:43-05:00 {"source":"process.on.unhandledRejection","message":{"source":"Extension.unhandledRejection","message":"Request has been terminated\nPossible causes: the network is offline, Origin is not allowed by Access-Control-Allow-Origin, the page is being unloaded, etc."}} 
ERROR: 2020-10-27T12:56:44-05:00 {"source":"process.on.unhandledRejection","message":{"source":"Extension.unhandledRejection","message":"Request has been terminated\nPossible causes: the network is offline, Origin is not allowed by Access-Control-Allow-Origin, the page is being unloaded, etc."}} 
ERROR: 2020-10-27T12:56:47-05:00 {"source":"process.on.unhandledRejection","message":{"source":"Extension.unhandledRejection","message":"Request has been terminated\nPossible causes: the network is offline, Origin is not allowed by Access-Control-Allow-Origin, the page is being unloaded, etc."}} 
ERROR: 2020-10-27T12:56:47-05:00 {"source":"process.on.unhandledRejection","message":{"source":"Extension.unhandledRejection","message":"Request has been terminated\nPossible causes: the network is offline, Origin is not allowed by Access-Control-Allow-Origin, the page is being unloaded, etc."}} 
ERROR: 2020-10-27T12:56:47-05:00 {"source":"process.on.unhandledRejection","message":{"source":"Extension.unhandledRejection","message":"Request has been terminated\nPossible causes: the network is offline, Origin is not allowed by Access-Control-Allow-Origin, the page is being unloaded, etc."}} 
ERROR: 2020-10-27T12:56:48-05:00 {"source":"process.on.unhandledRejection","message":{"source":"Extension.unhandledRejection","message":"Request has been terminated\nPossible causes: the network is offline, Origin is not allowed by Access-Control-Allow-Origin, the page is being unloaded, etc."}} 
ERROR: 2020-10-27T12:56:49-05:00 {"source":"process.on.unhandledRejection","message":{"source":"Extension.unhandledRejection","message":"Request has been terminated\nPossible causes: the network is offline, Origin is not allowed by Access-Control-Allow-Origin, the page is being unloaded, etc."}} 
ERROR: 2020-10-27T12:56:50-05:00 {"source":"process.on.unhandledRejection","message":{"source":"Extension.unhandledRejection","message":"Request has been terminated\nPossible causes: the network is offline, Origin is not allowed by Access-Control-Allow-Origin, the page is being unloaded, etc."}} 
ERROR: 2020-10-27T12:56:51-05:00 {"source":"process.on.unhandledRejection","message":{"source":"Extension.unhandledRejection","message":"Request has been terminated\nPossible causes: the network is offline, Origin is not allowed by Access-Control-Allow-Origin, the page is being unloaded, etc."}} 
ERROR: 2020-10-27T12:56:52-05:00 {"source":"process.on.unhandledRejection","message":{"source":"Extension.unhandledRejection","message":"Request has been terminated\nPossible causes: the network is offline, Origin is not allowed by Access-Control-Allow-Origin, the page is being unloaded, etc."}} 
ERROR: 2020-10-27T12:56:55-05:00 {"source":"process.on.unhandledRejection","message":{"source":"Extension.unhandledRejection","message":"Request has been terminated\nPossible causes: the network is offline, Origin is not allowed by Access-Control-Allow-Origin, the page is being unloaded, etc."}} 
ERROR: 2020-10-27T12:56:55-05:00 {"source":"process.on.unhandledRejection","message":{"source":"Extension.unhandledRejection","message":"Request has been terminated\nPossible causes: the network is offline, Origin is not allowed by Access-Control-Allow-Origin, the page is being unloaded, etc."}} 
ERROR: 2020-10-27T12:56:55-05:00 {"source":"process.on.unhandledRejection","message":{"source":"Extension.unhandledRejection","message":"Request has been terminated\nPossible causes: the network is offline, Origin is not allowed by Access-Control-Allow-Origin, the page is being unloaded, etc."}} 
ERROR: 2020-10-27T12:56:57-05:00 {"source":"process.on.unhandledRejection","message":{"source":"Extension.unhandledRejection","message":"Request has been terminated\nPossible causes: the network is offline, Origin is not allowed by Access-Control-Allow-Origin, the page is being unloaded, etc."}} 
ERROR: 2020-10-27T12:56:57-05:00 {"source":"process.on.unhandledRejection","message":{"source":"Extension.unhandledRejection","message":"Request has been terminated\nPossible causes: the network is offline, Origin is not allowed by Access-Control-Allow-Origin, the page is being unloaded, etc."}} 
ERROR: 2020-10-27T12:56:58-05:00 {"source":"process.on.unhandledRejection","message":{"source":"Extension.unhandledRejection","message":"Request has been terminated\nPossible causes: the network is offline, Origin is not allowed by Access-Control-Allow-Origin, the page is being unloaded, etc."}} 
